2021-04-26 03:40:53 cpu_temp=64 inlet_temp=24 fan_speed_range=2 fan_speed=30% msg="The log file does not exist, adjust the speed immediately"
2021-04-26 03:42:36 cpu_temp=62 inlet_temp=24 fan_speed_range=2 fan_speed=30% msg="Cooling fan maintains speed"
2021-04-26 03:43:18 cpu_temp=61 inlet_temp=24 fan_speed_range=2 fan_speed=50% msg="Cooling fan maintains speed"
2021-04-26 03:44:21 cpu_temp=61 inlet_temp=24 fan_speed_range=2 fan_speed=50% msg="Cooling fan maintains speed"
2021-04-26 03:44:24 cpu_temp=61 inlet_temp=24 fan_speed_range=2 fan_speed=50% msg="Cooling fan maintains speed"
2021-04-26 03:45:01 cpu_temp=62 inlet_temp=24 fan_speed_range=2 fan_speed=50% msg="Cooling fan maintains speed"
2021-04-26 03:46:01 cpu_temp=61 inlet_temp=24 fan_speed_range=2 fan_speed=50% msg="Cooling fan maintains speed"
2021-04-26 03:47:01 cpu_temp=61 inlet_temp=24 fan_speed_range=2 fan_speed=50% msg="Cooling fan maintains speed"
2021-04-26 03:48:01 cpu_temp=61 inlet_temp=24 fan_speed_range=2 fan_speed=50% msg="Cooling fan maintains speed"
2021-04-26 03:49:01 cpu_temp=62 inlet_temp=24 fan_speed_range=2 fan_speed=40% msg="Cooling fan maintains speed"
2021-04-26 03:50:01 cpu_temp=61 inlet_temp=24 fan_speed_range=2 fan_speed=40% msg="Cooling fan maintains speed"
2021-04-26 03:51:02 cpu_temp=62 inlet_temp=24 fan_speed_range=2 fan_speed=40% msg="Cooling fan maintains speed"
2021-04-26 03:52:01 cpu_temp=60 inlet_temp=24 fan_speed_range=2 fan_speed=30% msg="Waiting for the temperature drop, 1"
2021-04-26 03:53:01 cpu_temp=60 inlet_temp=24 fan_speed_range=2 fan_speed=30% msg="Waiting for the temperature drop, 0"
2021-04-26 03:54:02 cpu_temp=61 inlet_temp=24 fan_speed_range=2 fan_speed=40% msg="Cooling fan maintains speed"
2021-04-26 03:55:01 cpu_temp=60 inlet_temp=24 fan_speed_range=2 fan_speed=30% msg="Waiting for the temperature drop, 0"
2021-04-26 03:56:01 cpu_temp=60 inlet_temp=24 fan_speed_range=2 fan_speed=30% msg="Waiting for the temperature drop, 0"
2021-04-26 03:57:02 cpu_temp=60 inlet_temp=24 fan_speed_range=2 fan_speed=30% msg="Waiting for the temperature drop, 0"
2021-04-26 03:58:01 cpu_temp=59 inlet_temp=24 fan_speed_range=2 fan_speed=30% msg="Waiting for the temperature drop, 1"
2021-04-26 03:59:01 cpu_temp=59 inlet_temp=24 fan_speed_range=2 fan_speed=30% msg="Waiting for the temperature drop, 0"
2021-04-26 04:00:02 cpu_temp=61 inlet_temp=24 fan_speed_range=2 fan_speed=40% msg="Cooling fan maintains speed"
2021-04-26 04:01:01 cpu_temp=60 inlet_temp=24 fan_speed_range=2 fan_speed=30% msg="Waiting for the temperature drop, 0"
2021-04-26 04:02:01 cpu_temp=61 inlet_temp=24 fan_speed_range=2 fan_speed=40% msg="Cooling fan maintains speed"
2021-04-26 04:03:01 cpu_temp=60 inlet_temp=24 fan_speed_range=2 fan_speed=30% msg="Waiting for the temperature drop, 0"
2021-04-26 04:04:02 cpu_temp=61 inlet_temp=24 fan_speed_range=2 fan_speed=40% msg="Cooling fan maintains speed"
2021-04-26 04:05:02 cpu_temp=60 inlet_temp=24 fan_speed_range=2 fan_speed=30% msg="Waiting for the temperature drop, 0"
2021-04-26 04:06:01 cpu_temp=61 inlet_temp=24 fan_speed_range=2 fan_speed=40% msg="Cooling fan maintains speed"
2021-04-26 04:07:01 cpu_temp=62 inlet_temp=24 fan_speed_range=2 fan_speed=40% msg="Cooling fan maintains speed"
2021-04-26 04:08:01 cpu_temp=61 inlet_temp=24 fan_speed_range=2 fan_speed=40% msg="Cooling fan maintains speed"
2021-04-26 04:09:01 cpu_temp=61 inlet_temp=24 fan_speed_range=2 fan_speed=40% msg="Cooling fan maintains speed"
2021-04-26 04:10:01 cpu_temp=61 inlet_temp=24 fan_speed_range=2 fan_speed=40% msg="Cooling fan maintains speed"
2021-04-26 04:11:01 cpu_temp=61 inlet_temp=24 fan_speed_range=2 fan_speed=40% msg="Cooling fan maintains speed"
2021-04-26 04:12:01 cpu_temp=61 inlet_temp=24 fan_speed_range=2 fan_speed=40% msg="Cooling fan maintains speed"
2021-04-26 04:13:02 cpu_temp=62 inlet_temp=24 fan_speed_range=2 fan_speed=40% msg="Cooling fan maintains speed"
2021-04-26 04:14:01 cpu_temp=61 inlet_temp=24 fan_speed_range=2 fan_speed=40% msg="Cooling fan maintains speed"
2021-04-26 04:15:01 cpu_temp=61 inlet_temp=24 fan_speed_range=2 fan_speed=40% msg="Cooling fan maintains speed"
2021-04-26 04:16:01 cpu_temp=61 inlet_temp=24 fan_speed_range=2 fan_speed=40% msg="Cooling fan maintains speed"
2021-04-26 04:17:01 cpu_temp=61 inlet_temp=24 fan_speed_range=2 fan_speed=40% msg="Cooling fan maintains speed"
2021-04-26 04:18:01 cpu_temp=61 inlet_temp=24 fan_speed_range=2 fan_speed=40% msg="Cooling fan maintains speed"
2021-04-26 04:19:01 cpu_temp=61 inlet_temp=24 fan_speed_range=2 fan_speed=40% msg="Cooling fan maintains speed"
2021-04-26 04:20:02 cpu_temp=60 inlet_temp=24 fan_speed_range=2 fan_speed=30% msg="Waiting for the temperature drop, 1"
2021-04-26 04:21:01 cpu_temp=60 inlet_temp=23 fan_speed_range=2 fan_speed=30% msg="Waiting for the temperature drop, 0"
2021-04-26 04:22:01 cpu_temp=60 inlet_temp=24 fan_speed_range=2 fan_speed=30% msg="Waiting for the temperature drop, 0"
2021-04-26 04:23:02 cpu_temp=59 inlet_temp=24 fan_speed_range=2 fan_speed=30% msg="Waiting for the temperature drop, 1"
2021-04-26 04:24:01 cpu_temp=59 inlet_temp=24 fan_speed_range=2 fan_speed=30% msg="Waiting for the temperature drop, 0"
2021-04-26 04:25:02 cpu_temp=59 inlet_temp=23 fan_speed_range=2 fan_speed=30% msg="Waiting for the temperature drop, 0"
2021-04-26 04:26:01 cpu_temp=60 inlet_temp=23 fan_speed_range=1 fan_speed=30% msg="Cooling fan reduces speed, -1"
2021-04-26 04:27:01 cpu_temp=59 inlet_temp=23 fan_speed_range=1 fan_speed=30% msg="Cooling fan maintains speed"
2021-04-26 04:28:01 cpu_temp=59 inlet_temp=23 fan_speed_range=1 fan_speed=30% msg="Cooling fan maintains speed"
2021-04-26 04:29:02 cpu_temp=59 inlet_temp=23 fan_speed_range=1 fan_speed=30% msg="Cooling fan maintains speed"
2021-04-26 04:30:01 cpu_temp=59 inlet_temp=23 fan_speed_range=1 fan_speed=30% msg="Cooling fan maintains speed"
2021-04-26 04:31:01 cpu_temp=58 inlet_temp=23 fan_speed_range=1 fan_speed=30% msg="Cooling fan maintains speed"
2021-04-26 04:32:01 cpu_temp=58 inlet_temp=23 fan_speed_range=1 fan_speed=30% msg="Cooling fan maintains speed"
2021-04-26 04:33:01 cpu_temp=58 inlet_temp=24 fan_speed_range=1 fan_speed=30% msg="Cooling fan maintains speed"
2021-04-26 04:34:01 cpu_temp=58 inlet_temp=24 fan_speed_range=1 fan_speed=30% msg="Cooling fan maintains speed"
2021-04-26 04:35:01 cpu_temp=58 inlet_temp=24 fan_speed_range=1 fan_speed=30% msg="Cooling fan maintains speed"
2021-04-26 04:36:01 cpu_temp=58 inlet_temp=23 fan_speed_range=1 fan_speed=30% msg="Cooling fan maintains speed"
2021-04-26 04:37:01 cpu_temp=58 inlet_temp=23 fan_speed_range=1 fan_speed=30% msg="Cooling fan maintains speed"
2021-04-26 04:38:01 cpu_temp=58 inlet_temp=23 fan_speed_range=1 fan_speed=30% msg="Cooling fan maintains speed"
2021-04-26 04:39:02 cpu_temp=57 inlet_temp=23 fan_speed_range=1 fan_speed=30% msg="Cooling fan maintains speed"
2021-04-26 04:40:01 cpu_temp=58 inlet_temp=23 fan_speed_range=1 fan_speed=30% msg="Cooling fan maintains speed"
2021-04-26 04:41:01 cpu_temp=58 inlet_temp=23 fan_speed_range=1 fan_speed=30% msg="Cooling fan maintains speed"
2021-04-26 04:42:01 cpu_temp=59 inlet_temp=23 fan_speed_range=1 fan_speed=30% msg="Cooling fan maintains speed"
2021-04-26 04:43:01 cpu_temp=59 inlet_temp=23 fan_speed_range=1 fan_speed=30% msg="Cooling fan maintains speed"
2021-04-26 04:44:01 cpu_temp=59 inlet_temp=23 fan_speed_range=1 fan_speed=30% msg="Cooling fan maintains speed"
2021-04-26 04:45:01 cpu_temp=59 inlet_temp=23 fan_speed_range=1 fan_speed=30% msg="Cooling fan maintains speed"
2021-04-26 04:46:01 cpu_temp=59 inlet_temp=23 fan_speed_range=1 fan_speed=30% msg="Cooling fan maintains speed"
2021-04-26 04:47:01 cpu_temp=59 inlet_temp=23 fan_speed_range=1 fan_speed=30% msg="Cooling fan maintains speed"
2021-04-26 04:48:01 cpu_temp=59 inlet_temp=23 fan_speed_range=1 fan_speed=30% msg="Cooling fan maintains speed"
2021-04-26 04:49:02 cpu_temp=59 inlet_temp=23 fan_speed_range=1 fan_speed=30% msg="Cooling fan maintains speed"
2021-04-26 04:50:01 cpu_temp=59 inlet_temp=23 fan_speed_range=1 fan_speed=30% msg="Cooling fan maintains speed"
2021-04-26 04:51:01 cpu_temp=59 inlet_temp=23 fan_speed_range=1 fan_speed=30% msg="Cooling fan maintains speed"
2021-04-26 04:52:01 cpu_temp=59 inlet_temp=23 fan_speed_range=1 fan_speed=30% msg="Cooling fan maintains speed"
2021-04-26 04:53:01 cpu_temp=59 inlet_temp=23 fan_speed_range=1 fan_speed=30% msg="Cooling fan maintains speed"
2021-04-26 04:54:01 cpu_temp=59 inlet_temp=23 fan_speed_range=1 fan_speed=30% msg="Cooling fan maintains speed"
2021-04-26 04:55:01 cpu_temp=59 inlet_temp=23 fan_speed_range=1 fan_speed=30% msg="Cooling fan maintains speed"
2021-04-26 04:56:01 cpu_temp=59 inlet_temp=23 fan_speed_range=1 fan_speed=30% msg="Cooling fan maintains speed"
2021-04-26 04:57:01 cpu_temp=60 inlet_temp=23 fan_speed_range=1 fan_speed=30% msg="Cooling fan maintains speed"
2021-04-26 04:58:01 cpu_temp=59 inlet_temp=23 fan_speed_range=1 fan_speed=30% msg="Cooling fan maintains speed"
2021-04-26 04:59:02 cpu_temp=59 inlet_temp=23 fan_speed_range=1 fan_speed=30% msg="Cooling fan maintains speed"
2021-04-26 05:00:01 cpu_temp=59 inlet_temp=23 fan_speed_range=1 fan_speed=30% msg="Cooling fan maintains speed"
2021-04-26 05:01:01 cpu_temp=58 inlet_temp=23 fan_speed_range=1 fan_speed=30% msg="Cooling fan maintains speed"
2021-04-26 05:02:01 cpu_temp=59 inlet_temp=23 fan_speed_range=1 fan_speed=30% msg="Cooling fan maintains speed"
2021-04-26 05:03:01 cpu_temp=59 inlet_temp=23 fan_speed_range=1 fan_speed=30% msg="Cooling fan maintains speed"
2021-04-26 05:04:01 cpu_temp=59 inlet_temp=23 fan_speed_range=1 fan_speed=30% msg="Cooling fan maintains speed"
2021-04-26 05:05:01 cpu_temp=59 inlet_temp=23 fan_speed_range=1 fan_speed=30% msg="Cooling fan maintains speed"
2021-04-26 05:06:01 cpu_temp=58 inlet_temp=23 fan_speed_range=1 fan_speed=30% msg="Cooling fan maintains speed"
2021-04-26 05:07:01 cpu_temp=58 inlet_temp=23 fan_speed_range=1 fan_speed=30% msg="Cooling fan maintains speed"
2021-04-26 05:08:01 cpu_temp=58 inlet_temp=23 fan_speed_range=1 fan_speed=30% msg="Cooling fan maintains speed"
2021-04-26 05:09:01 cpu_temp=57 inlet_temp=23 fan_speed_range=1 fan_speed=30% msg="Cooling fan maintains speed"
2021-04-26 05:10:02 cpu_temp=57 inlet_temp=23 fan_speed_range=1 fan_speed=30% msg="Cooling fan maintains speed"
2021-04-26 05:11:01 cpu_temp=57 inlet_temp=23 fan_speed_range=1 fan_speed=30% msg="Cooling fan maintains speed"
2021-04-26 05:12:01 cpu_temp=57 inlet_temp=23 fan_speed_range=1 fan_speed=30% msg="Cooling fan maintains speed"
2021-04-26 05:13:01 cpu_temp=57 inlet_temp=23 fan_speed_range=1 fan_speed=30% msg="Cooling fan maintains speed"
2021-04-26 05:14:01 cpu_temp=58 inlet_temp=24 fan_speed_range=1 fan_speed=30% msg="Cooling fan maintains speed"
2021-04-26 05:15:01 cpu_temp=58 inlet_temp=23 fan_speed_range=1 fan_speed=30% msg="Cooling fan maintains speed"
2021-04-26 05:16:01 cpu_temp=57 inlet_temp=24 fan_speed_range=1 fan_speed=30% msg="Cooling fan maintains speed"
2021-04-26 05:17:01 cpu_temp=57 inlet_temp=24 fan_speed_range=1 fan_speed=30% msg="Cooling fan maintains speed"
2021-04-26 05:18:01 cpu_temp=58 inlet_temp=24 fan_speed_range=1 fan_speed=30% msg="Cooling fan maintains speed"
2021-04-26 05:19:01 cpu_temp=57 inlet_temp=24 fan_speed_range=1 fan_speed=30% msg="Cooling fan maintains speed"
2021-04-26 05:20:02 cpu_temp=56 inlet_temp=23 fan_speed_range=1 fan_speed=30% msg="Cooling fan maintains speed"
2021-04-26 05:21:01 cpu_temp=56 inlet_temp=23 fan_speed_range=1 fan_speed=30% msg="Cooling fan maintains speed"
2021-04-26 05:22:01 cpu_temp=57 inlet_temp=23 fan_speed_range=1 fan_speed=30% msg="Cooling fan maintains speed"
2021-04-26 05:23:01 cpu_temp=56 inlet_temp=23 fan_speed_range=1 fan_speed=30% msg="Cooling fan maintains speed"
2021-04-26 05:24:01 cpu_temp=56 inlet_temp=23 fan_speed_range=1 fan_speed=30% msg="Cooling fan maintains speed"
2021-04-26 05:25:01 cpu_temp=56 inlet_temp=23 fan_speed_range=1 fan_speed=30% msg="Cooling fan maintains speed"
2021-04-26 05:26:01 cpu_temp=55 inlet_temp=23 fan_speed_range=1 fan_speed=30% msg="Cooling fan maintains speed"
2021-04-26 05:27:01 cpu_temp=55 inlet_temp=23 fan_speed_range=1 fan_speed=30% msg="Cooling fan maintains speed"
2021-04-26 05:28:01 cpu_temp=57 inlet_temp=23 fan_speed_range=1 fan_speed=30% msg="Cooling fan maintains speed"
2021-04-26 05:29:01 cpu_temp=57 inlet_temp=23 fan_speed_range=1 fan_speed=30% msg="Cooling fan maintains speed"
2021-04-26 05:30:01 cpu_temp=57 inlet_temp=23 fan_speed_range=1 fan_speed=30% msg="Cooling fan maintains speed"
2021-04-26 05:31:02 cpu_temp=57 inlet_temp=23 fan_speed_range=1 fan_speed=30% msg="Cooling fan maintains speed"
2021-04-26 05:32:01 cpu_temp=57 inlet_temp=23 fan_speed_range=1 fan_speed=30% msg="Cooling fan maintains speed"
2021-04-26 05:33:01 cpu_temp=57 inlet_temp=24 fan_speed_range=1 fan_speed=30% msg="Cooling fan maintains speed"
2021-04-26 05:34:01 cpu_temp=57 inlet_temp=24 fan_speed_range=1 fan_speed=30% msg="Cooling fan maintains speed"
2021-04-26 05:35:01 cpu_temp=57 inlet_temp=24 fan_speed_range=1 fan_speed=30% msg="Cooling fan maintains speed"
2021-04-26 05:36:01 cpu_temp=59 inlet_temp=24 fan_speed_range=1 fan_speed=30% msg="Cooling fan maintains speed"
2021-04-26 05:37:01 cpu_temp=57 inlet_temp=24 fan_speed_range=1 fan_speed=30% msg="Cooling fan maintains speed"
2021-04-26 05:38:01 cpu_temp=58 inlet_temp=24 fan_speed_range=1 fan_speed=30% msg="Cooling fan maintains speed"
2021-04-26 05:39:01 cpu_temp=58 inlet_temp=24 fan_speed_range=1 fan_speed=30% msg="Cooling fan maintains speed"
2021-04-26 05:40:01 cpu_temp=59 inlet_temp=23 fan_speed_range=1 fan_speed=30% msg="Cooling fan maintains speed"
2021-04-26 05:41:02 cpu_temp=58 inlet_temp=23 fan_speed_range=1 fan_speed=30% msg="Cooling fan maintains speed"
2021-04-26 05:42:01 cpu_temp=60 inlet_temp=23 fan_speed_range=1 fan_speed=30% msg="Cooling fan maintains speed"
2021-04-26 05:43:01 cpu_temp=59 inlet_temp=23 fan_speed_range=1 fan_speed=30% msg="Cooling fan maintains speed"
2021-04-26 05:44:01 cpu_temp=61 inlet_temp=23 fan_speed_range=2 fan_speed=40% msg="Cooling fan increases speed"
2021-04-26 05:45:01 cpu_temp=58 inlet_temp=24 fan_speed_range=2 fan_speed=30% msg="Waiting for the temperature drop, 2"
2021-04-26 05:46:02 cpu_temp=58 inlet_temp=24 fan_speed_range=2 fan_speed=30% msg="Waiting for the temperature drop, 1"
2021-04-26 05:47:01 cpu_temp=57 inlet_temp=24 fan_speed_range=2 fan_speed=30% msg="Waiting for the temperature drop, 1"
2021-04-26 05:48:01 cpu_temp=57 inlet_temp=24 fan_speed_range=2 fan_speed=30% msg="Waiting for the temperature drop, 0"
2021-04-26 05:49:02 cpu_temp=58 inlet_temp=24 fan_speed_range=1 fan_speed=30% msg="Cooling fan reduces speed, -1"
2021-04-26 05:50:01 cpu_temp=58 inlet_temp=24 fan_speed_range=1 fan_speed=30% msg="Cooling fan maintains speed"
2021-04-26 05:51:01 cpu_temp=60 inlet_temp=24 fan_speed_range=1 fan_speed=30% msg="Cooling fan maintains speed"
2021-04-26 05:52:01 cpu_temp=60 inlet_temp=24 fan_speed_range=1 fan_speed=30% msg="Cooling fan maintains speed"
2021-04-26 05:53:01 cpu_temp=62 inlet_temp=24 fan_speed_range=2 fan_speed=40% msg="Cooling fan increases speed"
2021-04-26 05:54:01 cpu_temp=61 inlet_temp=24 fan_speed_range=2 fan_speed=40% msg="Cooling fan maintains speed"
2021-04-26 05:55:02 cpu_temp=58 inlet_temp=24 fan_speed_range=2 fan_speed=30% msg="Waiting for the temperature drop, 2"
2021-04-26 05:56:01 cpu_temp=59 inlet_temp=24 fan_speed_range=2 fan_speed=30% msg="Waiting for the temperature drop, 0"
2021-04-26 05:57:02 cpu_temp=60 inlet_temp=24 fan_speed_range=1 fan_speed=30% msg="Cooling fan reduces speed, -1"
2021-04-26 05:58:01 cpu_temp=61 inlet_temp=24 fan_speed_range=2 fan_speed=40% msg="Cooling fan increases speed"
2021-04-26 05:59:01 cpu_temp=61 inlet_temp=24 fan_speed_range=2 fan_speed=40% msg="Cooling fan maintains speed"
2021-04-26 06:00:01 cpu_temp=59 inlet_temp=24 fan_speed_range=2 fan_speed=30% msg="Waiting for the temperature drop, 1"
2021-04-26 06:01:02 cpu_temp=60 inlet_temp=24 fan_speed_range=1 fan_speed=30% msg="Cooling fan reduces speed, -1"
2021-04-26 06:02:01 cpu_temp=61 inlet_temp=24 fan_speed_range=2 fan_speed=40% msg="Cooling fan increases speed"
2021-04-26 06:03:01 cpu_temp=62 inlet_temp=24 fan_speed_range=2 fan_speed=40% msg="Cooling fan maintains speed"
2021-04-26 06:04:01 cpu_temp=62 inlet_temp=24 fan_speed_range=2 fan_speed=40% msg="Cooling fan maintains speed"
2021-04-26 06:05:01 cpu_temp=63 inlet_temp=24 fan_speed_range=2 fan_speed=40% msg="Cooling fan maintains speed"
2021-04-26 06:06:01 cpu_temp=63 inlet_temp=24 fan_speed_range=2 fan_speed=40% msg="Cooling fan maintains speed"
2021-04-26 06:07:01 cpu_temp=63 inlet_temp=24 fan_speed_range=2 fan_speed=40% msg="Cooling fan maintains speed"
2021-04-26 06:08:01 cpu_temp=61 inlet_temp=24 fan_speed_range=2 fan_speed=40% msg="Cooling fan maintains speed"
2021-04-26 06:09:02 cpu_temp=62 inlet_temp=24 fan_speed_range=2 fan_speed=40% msg="Cooling fan maintains speed"
2021-04-26 06:10:01 cpu_temp=62 inlet_temp=24 fan_speed_range=2 fan_speed=40% msg="Cooling fan maintains speed"
2021-04-26 06:11:01 cpu_temp=62 inlet_temp=24 fan_speed_range=2 fan_speed=40% msg="Cooling fan maintains speed"
2021-04-26 06:12:01 cpu_temp=62 inlet_temp=24 fan_speed_range=2 fan_speed=40% msg="Cooling fan maintains speed"
2021-04-26 06:13:01 cpu_temp=62 inlet_temp=24 fan_speed_range=2 fan_speed=40% msg="Cooling fan maintains speed"
2021-04-26 06:14:01 cpu_temp=61 inlet_temp=24 fan_speed_range=2 fan_speed=40% msg="Cooling fan maintains speed"
2021-04-26 06:15:01 cpu_temp=62 inlet_temp=24 fan_speed_range=2 fan_speed=40% msg="Cooling fan maintains speed"
2021-04-26 06:16:01 cpu_temp=61 inlet_temp=24 fan_speed_range=2 fan_speed=40% msg="Cooling fan maintains speed"
2021-04-26 06:17:01 cpu_temp=62 inlet_temp=24 fan_speed_range=2 fan_speed=40% msg="Cooling fan maintains speed"
2021-04-26 06:18:02 cpu_temp=63 inlet_temp=24 fan_speed_range=2 fan_speed=40% msg="Cooling fan maintains speed"
2021-04-26 06:19:01 cpu_temp=64 inlet_temp=24 fan_speed_range=2 fan_speed=40% msg="Cooling fan maintains speed"
2021-04-26 06:20:01 cpu_temp=63 inlet_temp=24 fan_speed_range=2 fan_speed=40% msg="Cooling fan maintains speed"
2021-04-26 06:21:01 cpu_temp=64 inlet_temp=24 fan_speed_range=2 fan_speed=40% msg="Cooling fan maintains speed"
2021-04-26 06:22:01 cpu_temp=64 inlet_temp=24 fan_speed_range=2 fan_speed=40% msg="Cooling fan maintains speed"
2021-04-26 06:23:01 cpu_temp=64 inlet_temp=24 fan_speed_range=2 fan_speed=40% msg="Cooling fan maintains speed"
2021-04-26 06:24:01 cpu_temp=64 inlet_temp=24 fan_speed_range=2 fan_speed=40% msg="Cooling fan maintains speed"
2021-04-26 06:25:01 cpu_temp=64 inlet_temp=24 fan_speed_range=2 fan_speed=40% msg="Cooling fan maintains speed"
2021-04-26 06:26:01 cpu_temp=64 inlet_temp=24 fan_speed_range=2 fan_speed=40% msg="Cooling fan maintains speed"
2021-04-26 06:27:02 cpu_temp=64 inlet_temp=24 fan_speed_range=2 fan_speed=40% msg="Cooling fan maintains speed"
2021-04-26 06:28:02 cpu_temp=64 inlet_temp=24 fan_speed_range=2 fan_speed=40% msg="Cooling fan maintains speed"
2021-04-26 06:29:01 cpu_temp=64 inlet_temp=24 fan_speed_range=2 fan_speed=40% msg="Cooling fan maintains speed"
2021-04-26 06:30:01 cpu_temp=64 inlet_temp=24 fan_speed_range=2 fan_speed=40% msg="Cooling fan maintains speed"
2021-04-26 06:31:01 cpu_temp=65 inlet_temp=24 fan_speed_range=2 fan_speed=40% msg="Cooling fan maintains speed"
2021-04-26 06:32:01 cpu_temp=66 inlet_temp=25 fan_speed_range=3 fan_speed=80% msg="Cooling fan increases speed"
2021-04-26 06:33:01 cpu_temp=64 inlet_temp=25 fan_speed_range=3 fan_speed=40% msg="Waiting for the temperature drop, 1"
2021-04-26 06:34:02 cpu_temp=62 inlet_temp=25 fan_speed_range=3 fan_speed=40% msg="Waiting for the temperature drop, 2"
2021-04-26 06:35:01 cpu_temp=62 inlet_temp=25 fan_speed_range=3 fan_speed=40% msg="Waiting for the temperature drop, 1"
2021-04-26 06:36:01 cpu_temp=61 inlet_temp=26 fan_speed_range=3 fan_speed=40% msg="Waiting for the temperature drop, 1"
2021-04-26 06:37:02 cpu_temp=60 inlet_temp=26 fan_speed_range=3 fan_speed=30% msg="Waiting for the temperature drop, 1"
2021-04-26 06:38:01 cpu_temp=61 inlet_temp=26 fan_speed_range=2 fan_speed=40% msg="Cooling fan reduces speed, -1"
2021-04-26 06:39:01 cpu_temp=63 inlet_temp=25 fan_speed_range=2 fan_speed=40% msg="Cooling fan maintains speed"
2021-04-26 06:40:02 cpu_temp=65 inlet_temp=25 fan_speed_range=2 fan_speed=40% msg="Cooling fan maintains speed"
2021-04-26 06:41:01 cpu_temp=65 inlet_temp=25 fan_speed_range=2 fan_speed=40% msg="Cooling fan maintains speed"
2021-04-26 06:42:01 cpu_temp=67 inlet_temp=25 fan_speed_range=3 fan_speed=80% msg="Cooling fan increases speed"
2021-04-26 06:43:01 cpu_temp=62 inlet_temp=25 fan_speed_range=3 fan_speed=40% msg="Waiting for the temperature drop, 3"
2021-04-26 06:44:02 cpu_temp=61 inlet_temp=25 fan_speed_range=3 fan_speed=40% msg="Waiting for the temperature drop, 2"
2021-04-26 06:45:01 cpu_temp=61 inlet_temp=26 fan_speed_range=3 fan_speed=40% msg="Waiting for the temperature drop, 1"
2021-04-26 06:46:01 cpu_temp=61 inlet_temp=26 fan_speed_range=3 fan_speed=40% msg="Waiting for the temperature drop, 0"
2021-04-26 06:47:02 cpu_temp=60 inlet_temp=26 fan_speed_range=3 fan_speed=30% msg="Waiting for the temperature drop, 1"
2021-04-26 06:48:01 cpu_temp=62 inlet_temp=26 fan_speed_range=2 fan_speed=40% msg="Cooling fan reduces speed, -2"
2021-04-26 06:49:01 cpu_temp=62 inlet_temp=26 fan_speed_range=2 fan_speed=40% msg="Cooling fan maintains speed"
2021-04-26 06:50:01 cpu_temp=64 inlet_temp=25 fan_speed_range=2 fan_speed=40% msg="Cooling fan maintains speed"
2021-04-26 06:51:02 cpu_temp=67 inlet_temp=25 fan_speed_range=3 fan_speed=80% msg="Cooling fan increases speed"
2021-04-26 06:52:01 cpu_temp=63 inlet_temp=25 fan_speed_range=3 fan_speed=40% msg="Waiting for the temperature drop, 1"
2021-04-26 06:53:01 cpu_temp=61 inlet_temp=26 fan_speed_range=3 fan_speed=40% msg="Waiting for the temperature drop, 2"
2021-04-26 06:54:02 cpu_temp=62 inlet_temp=26 fan_speed_range=3 fan_speed=40% msg="Waiting for the temperature drop, 0"
2021-04-26 06:55:01 cpu_temp=59 inlet_temp=26 fan_speed_range=3 fan_speed=30% msg="Waiting for the temperature drop, 3"
2021-04-26 06:56:02 cpu_temp=60 inlet_temp=26 fan_speed_range=3 fan_speed=30% msg="Waiting for the temperature drop, 0"
2021-04-26 06:57:01 cpu_temp=61 inlet_temp=26 fan_speed_range=2 fan_speed=40% msg="Cooling fan reduces speed, -1"
2021-04-26 06:58:01 cpu_temp=64 inlet_temp=26 fan_speed_range=2 fan_speed=40% msg="Cooling fan maintains speed"
2021-04-26 06:59:01 cpu_temp=64 inlet_temp=25 fan_speed_range=2 fan_speed=40% msg="Cooling fan maintains speed"
2021-04-26 07:00:01 cpu_temp=65 inlet_temp=25 fan_speed_range=2 fan_speed=40% msg="Cooling fan maintains speed"
2021-04-26 07:01:01 cpu_temp=65 inlet_temp=25 fan_speed_range=2 fan_speed=40% msg="Cooling fan maintains speed"
2021-04-26 07:02:02 cpu_temp=66 inlet_temp=25 fan_speed_range=3 fan_speed=80% msg="Cooling fan increases speed"
2021-04-26 07:03:01 cpu_temp=63 inlet_temp=25 fan_speed_range=3 fan_speed=40% msg="Waiting for the temperature drop, 2"
2021-04-26 07:04:01 cpu_temp=61 inlet_temp=25 fan_speed_range=3 fan_speed=40% msg="Waiting for the temperature drop, 3"
2021-04-26 07:05:02 cpu_temp=61 inlet_temp=25 fan_speed_range=3 fan_speed=40% msg="Waiting for the temperature drop, 1"
2021-04-26 07:06:01 cpu_temp=61 inlet_temp=26 fan_speed_range=3 fan_speed=40% msg="Waiting for the temperature drop, 0"
2021-04-26 07:07:01 cpu_temp=59 inlet_temp=26 fan_speed_range=3 fan_speed=30% msg="Waiting for the temperature drop, 2"
2021-04-26 07:08:02 cpu_temp=58 inlet_temp=26 fan_speed_range=3 fan_speed=30% msg="Waiting for the temperature drop, 2"
2021-04-26 07:09:01 cpu_temp=60 inlet_temp=26 fan_speed_range=1 fan_speed=30% msg="Cooling fan reduces speed, -1"
2021-04-26 07:10:02 cpu_temp=62 inlet_temp=25 fan_speed_range=2 fan_speed=40% msg="Cooling fan increases speed"
2021-04-26 07:11:01 cpu_temp=64 inlet_temp=25 fan_speed_range=2 fan_speed=40% msg="Cooling fan maintains speed"
2021-04-26 07:12:01 cpu_temp=65 inlet_temp=25 fan_speed_range=2 fan_speed=40% msg="Cooling fan maintains speed"
2021-04-26 07:13:01 cpu_temp=65 inlet_temp=24 fan_speed_range=2 fan_speed=40% msg="Cooling fan maintains speed"
2021-04-26 07:14:01 cpu_temp=66 inlet_temp=24 fan_speed_range=3 fan_speed=80% msg="Cooling fan increases speed"
2021-04-26 07:15:01 cpu_temp=62 inlet_temp=25 fan_speed_range=3 fan_speed=40% msg="Waiting for the temperature drop, 3"
2021-04-26 07:16:02 cpu_temp=61 inlet_temp=25 fan_speed_range=3 fan_speed=40% msg="Waiting for the temperature drop, 2"
2021-04-26 07:17:01 cpu_temp=60 inlet_temp=25 fan_speed_range=3 fan_speed=30% msg="Waiting for the temperature drop, 2"
2021-04-26 07:18:02 cpu_temp=59 inlet_temp=25 fan_speed_range=3 fan_speed=30% msg="Waiting for the temperature drop, 2"
2021-04-26 07:19:01 cpu_temp=59 inlet_temp=25 fan_speed_range=3 fan_speed=30% msg="Waiting for the temperature drop, 1"
2021-04-26 07:20:01 cpu_temp=59 inlet_temp=25 fan_speed_range=3 fan_speed=30% msg="Waiting for the temperature drop, 0"
2021-04-26 07:21:02 cpu_temp=59 inlet_temp=25 fan_speed_range=3 fan_speed=30% msg="Waiting for the temperature drop, 0"
2021-04-26 07:22:01 cpu_temp=59 inlet_temp=25 fan_speed_range=3 fan_speed=30% msg="Waiting for the temperature drop, 0"
2021-04-26 07:23:02 cpu_temp=60 inlet_temp=25 fan_speed_range=1 fan_speed=30% msg="Cooling fan reduces speed, -1"
2021-04-26 07:24:01 cpu_temp=61 inlet_temp=25 fan_speed_range=2 fan_speed=40% msg="Cooling fan increases speed"
2021-04-26 07:25:01 cpu_temp=62 inlet_temp=25 fan_speed_range=2 fan_speed=40% msg="Cooling fan maintains speed"
2021-04-26 07:26:01 cpu_temp=64 inlet_temp=24 fan_speed_range=2 fan_speed=40% msg="Cooling fan maintains speed"
2021-04-26 07:27:01 cpu_temp=65 inlet_temp=24 fan_speed_range=2 fan_speed=40% msg="Cooling fan maintains speed"
2021-04-26 07:28:01 cpu_temp=63 inlet_temp=24 fan_speed_range=2 fan_speed=40% msg="Cooling fan maintains speed"
2021-04-26 07:29:01 cpu_temp=64 inlet_temp=24 fan_speed_range=2 fan_speed=40% msg="Cooling fan maintains speed"
2021-04-26 07:30:02 cpu_temp=66 inlet_temp=24 fan_speed_range=3 fan_speed=80% msg="Cooling fan increases speed"
2021-04-26 07:31:01 cpu_temp=63 inlet_temp=25 fan_speed_range=3 fan_speed=40% msg="Waiting for the temperature drop, 1"
2021-04-26 07:32:01 cpu_temp=60 inlet_temp=25 fan_speed_range=3 fan_speed=30% msg="Waiting for the temperature drop, 3"
2021-04-26 07:33:02 cpu_temp=61 inlet_temp=25 fan_speed_range=3 fan_speed=40% msg="Waiting for the temperature drop, 0"
2021-04-26 07:34:01 cpu_temp=60 inlet_temp=25 fan_speed_range=3 fan_speed=30% msg="Waiting for the temperature drop, 1"
2021-04-26 07:35:02 cpu_temp=59 inlet_temp=25 fan_speed_range=3 fan_speed=30% msg="Waiting for the temperature drop, 1"
2021-04-26 07:36:01 cpu_temp=60 inlet_temp=25 fan_speed_range=1 fan_speed=30% msg="Cooling fan reduces speed, -1"
2021-04-26 07:37:01 cpu_temp=61 inlet_temp=25 fan_speed_range=2 fan_speed=40% msg="Cooling fan increases speed"
2021-04-26 07:38:02 cpu_temp=63 inlet_temp=25 fan_speed_range=2 fan_speed=40% msg="Cooling fan maintains speed"
2021-04-26 07:39:01 cpu_temp=66 inlet_temp=25 fan_speed_range=3 fan_speed=80% msg="Cooling fan increases speed"
2021-04-26 07:40:01 cpu_temp=62 inlet_temp=25 fan_speed_range=3 fan_speed=40% msg="Waiting for the temperature drop, 1"
2021-04-26 07:41:02 cpu_temp=61 inlet_temp=25 fan_speed_range=3 fan_speed=40% msg="Waiting for the temperature drop, 1"
2021-04-26 07:42:01 cpu_temp=61 inlet_temp=25 fan_speed_range=3 fan_speed=40% msg="Waiting for the temperature drop, 0"
2021-04-26 07:43:01 cpu_temp=59 inlet_temp=26 fan_speed_range=3 fan_speed=30% msg="Waiting for the temperature drop, 2"
2021-04-26 07:44:02 cpu_temp=60 inlet_temp=26 fan_speed_range=3 fan_speed=30% msg="Waiting for the temperature drop, 0"
2021-04-26 07:45:01 cpu_temp=60 inlet_temp=26 fan_speed_range=3 fan_speed=30% msg="Waiting for the temperature drop, 0"
2021-04-26 07:46:01 cpu_temp=59 inlet_temp=26 fan_speed_range=3 fan_speed=30% msg="Waiting for the temperature drop, 1"
2021-04-26 07:47:02 cpu_temp=59 inlet_temp=26 fan_speed_range=3 fan_speed=30% msg="Waiting for the temperature drop, 0"
2021-04-26 07:48:01 cpu_temp=61 inlet_temp=26 fan_speed_range=2 fan_speed=40% msg="Cooling fan reduces speed, -2"
2021-04-26 07:49:01 cpu_temp=61 inlet_temp=26 fan_speed_range=2 fan_speed=40% msg="Cooling fan maintains speed"
2021-04-26 07:50:02 cpu_temp=63 inlet_temp=25 fan_speed_range=2 fan_speed=40% msg="Cooling fan maintains speed"
2021-04-26 07:51:01 cpu_temp=65 inlet_temp=25 fan_speed_range=2 fan_speed=40% msg="Cooling fan maintains speed"
2021-04-26 07:52:01 cpu_temp=64 inlet_temp=25 fan_speed_range=2 fan_speed=40% msg="Cooling fan maintains speed"
2021-04-26 07:53:01 cpu_temp=67 inlet_temp=25 fan_speed_range=3 fan_speed=80% msg="Cooling fan increases speed"
2021-04-26 07:54:01 cpu_temp=63 inlet_temp=25 fan_speed_range=3 fan_speed=40% msg="Waiting for the temperature drop, 2"
2021-04-26 07:55:02 cpu_temp=61 inlet_temp=26 fan_speed_range=3 fan_speed=40% msg="Waiting for the temperature drop, 3"
2021-04-26 07:56:01 cpu_temp=59 inlet_temp=26 fan_speed_range=3 fan_speed=30% msg="Waiting for the temperature drop, 3"
2021-04-26 07:57:01 cpu_temp=61 inlet_temp=26 fan_speed_range=2 fan_speed=40% msg="Cooling fan reduces speed, -1"
2021-04-26 07:58:02 cpu_temp=59 inlet_temp=26 fan_speed_range=2 fan_speed=30% msg="Waiting for the temperature drop, 1"
2021-04-26 07:59:01 cpu_temp=62 inlet_temp=25 fan_speed_range=2 fan_speed=40% msg="Cooling fan maintains speed"
2021-04-26 08:00:01 cpu_temp=65 inlet_temp=25 fan_speed_range=2 fan_speed=40% msg="Cooling fan maintains speed"
2021-04-26 08:01:01 cpu_temp=65 inlet_temp=25 fan_speed_range=2 fan_speed=40% msg="Cooling fan maintains speed"
2021-04-26 08:02:01 cpu_temp=65 inlet_temp=25 fan_speed_range=2 fan_speed=40% msg="Cooling fan maintains speed"
2021-04-26 08:03:01 cpu_temp=67 inlet_temp=25 fan_speed_range=3 fan_speed=80% msg="Cooling fan increases speed"
2021-04-26 08:04:02 cpu_temp=63 inlet_temp=25 fan_speed_range=3 fan_speed=40% msg="Waiting for the temperature drop, 2"
2021-04-26 08:05:01 cpu_temp=60 inlet_temp=25 fan_speed_range=3 fan_speed=30% msg="Waiting for the temperature drop, 4"
2021-04-26 08:06:02 cpu_temp=61 inlet_temp=25 fan_speed_range=3 fan_speed=40% msg="Waiting for the temperature drop, 1"
2021-04-26 08:07:01 cpu_temp=60 inlet_temp=26 fan_speed_range=3 fan_speed=30% msg="Waiting for the temperature drop, 1"
2021-04-26 08:08:01 cpu_temp=59 inlet_temp=26 fan_speed_range=3 fan_speed=30% msg="Waiting for the temperature drop, 1"
2021-04-26 08:09:02 cpu_temp=61 inlet_temp=26 fan_speed_range=2 fan_speed=40% msg="Cooling fan reduces speed, -2"
2021-04-26 08:10:01 cpu_temp=60 inlet_temp=25 fan_speed_range=2 fan_speed=30% msg="Waiting for the temperature drop, 0"
2021-04-26 08:11:01 cpu_temp=61 inlet_temp=25 fan_speed_range=2 fan_speed=40% msg="Cooling fan maintains speed"
2021-04-26 08:12:02 cpu_temp=66 inlet_temp=25 fan_speed_range=3 fan_speed=80% msg="Cooling fan increases speed"
2021-04-26 08:13:01 cpu_temp=61 inlet_temp=25 fan_speed_range=3 fan_speed=40% msg="Waiting for the temperature drop, 2"
2021-04-26 08:14:01 cpu_temp=60 inlet_temp=25 fan_speed_range=3 fan_speed=30% msg="Waiting for the temperature drop, 2"
2021-04-26 08:15:02 cpu_temp=62 inlet_temp=25 fan_speed_range=2 fan_speed=40% msg="Cooling fan reduces speed, -1"
2021-04-26 08:16:01 cpu_temp=60 inlet_temp=25 fan_speed_range=2 fan_speed=30% msg="Waiting for the temperature drop, 1"
2021-04-26 08:17:01 cpu_temp=65 inlet_temp=25 fan_speed_range=2 fan_speed=40% msg="Cooling fan maintains speed"
2021-04-26 08:18:01 cpu_temp=63 inlet_temp=25 fan_speed_range=2 fan_speed=40% msg="Cooling fan maintains speed"
2021-04-26 08:19:02 cpu_temp=63 inlet_temp=25 fan_speed_range=2 fan_speed=40% msg="Cooling fan maintains speed"
2021-04-26 08:20:01 cpu_temp=67 inlet_temp=25 fan_speed_range=3 fan_speed=80% msg="Cooling fan increases speed"
2021-04-26 08:21:01 cpu_temp=61 inlet_temp=25 fan_speed_range=3 fan_speed=40% msg="Waiting for the temperature drop, 3"
2021-04-26 08:22:01 cpu_temp=60 inlet_temp=25 fan_speed_range=3 fan_speed=30% msg="Waiting for the temperature drop, 2"
2021-04-26 08:23:02 cpu_temp=61 inlet_temp=25 fan_speed_range=3 fan_speed=40% msg="Waiting for the temperature drop, 0"
2021-04-26 08:24:01 cpu_temp=59 inlet_temp=26 fan_speed_range=3 fan_speed=30% msg="Waiting for the temperature drop, 2"
2021-04-26 08:25:02 cpu_temp=61 inlet_temp=26 fan_speed_range=2 fan_speed=40% msg="Cooling fan reduces speed, -1"
2021-04-26 08:26:01 cpu_temp=62 inlet_temp=25 fan_speed_range=2 fan_speed=40% msg="Cooling fan maintains speed"
2021-04-26 08:27:01 cpu_temp=61 inlet_temp=25 fan_speed_range=2 fan_speed=40% msg="Cooling fan maintains speed"
2021-04-26 08:28:01 cpu_temp=65 inlet_temp=25 fan_speed_range=2 fan_speed=40% msg="Cooling fan maintains speed"
2021-04-26 08:29:01 cpu_temp=66 inlet_temp=25 fan_speed_range=3 fan_speed=80% msg="Cooling fan increases speed"
2021-04-26 08:30:02 cpu_temp=61 inlet_temp=25 fan_speed_range=3 fan_speed=40% msg="Waiting for the temperature drop, 3"
2021-04-26 08:31:01 cpu_temp=63 inlet_temp=25 fan_speed_range=2 fan_speed=40% msg="Cooling fan reduces speed, -1"
2021-04-26 08:32:01 cpu_temp=64 inlet_temp=25 fan_speed_range=2 fan_speed=40% msg="Cooling fan maintains speed"
2021-04-26 08:33:01 cpu_temp=64 inlet_temp=25 fan_speed_range=2 fan_speed=40% msg="Cooling fan maintains speed"
2021-04-26 08:34:02 cpu_temp=66 inlet_temp=25 fan_speed_range=3 fan_speed=80% msg="Cooling fan increases speed"
2021-04-26 08:35:01 cpu_temp=60 inlet_temp=25 fan_speed_range=3 fan_speed=30% msg="Waiting for the temperature drop, 4"
2021-04-26 08:36:02 cpu_temp=63 inlet_temp=25 fan_speed_range=2 fan_speed=40% msg="Cooling fan reduces speed, -1"
2021-04-26 08:37:01 cpu_temp=62 inlet_temp=25 fan_speed_range=2 fan_speed=40% msg="Cooling fan maintains speed"
2021-04-26 08:38:01 cpu_temp=63 inlet_temp=25 fan_speed_range=2 fan_speed=40% msg="Cooling fan maintains speed"
2021-04-26 08:39:01 cpu_temp=65 inlet_temp=25 fan_speed_range=2 fan_speed=40% msg="Cooling fan maintains speed"
2021-04-26 08:40:01 cpu_temp=67 inlet_temp=25 fan_speed_range=3 fan_speed=80% msg="Cooling fan increases speed"
2021-04-26 08:41:02 cpu_temp=61 inlet_temp=25 fan_speed_range=3 fan_speed=40% msg="Waiting for the temperature drop, 4"
2021-04-26 08:42:01 cpu_temp=63 inlet_temp=26 fan_speed_range=3 fan_speed=40% msg="Waiting for the temperature drop, 0"
2021-04-26 08:43:01 cpu_temp=61 inlet_temp=26 fan_speed_range=3 fan_speed=40% msg="Waiting for the temperature drop, 2"
2021-04-26 08:44:02 cpu_temp=59 inlet_temp=26 fan_speed_range=3 fan_speed=30% msg="Waiting for the temperature drop, 3"
2021-04-26 08:45:01 cpu_temp=61 inlet_temp=26 fan_speed_range=2 fan_speed=40% msg="Cooling fan reduces speed, -1"
2021-04-26 08:46:01 cpu_temp=61 inlet_temp=26 fan_speed_range=2 fan_speed=40% msg="Cooling fan maintains speed"
2021-04-26 08:47:02 cpu_temp=63 inlet_temp=25 fan_speed_range=2 fan_speed=40% msg="Cooling fan maintains speed"
2021-04-26 08:48:01 cpu_temp=65 inlet_temp=25 fan_speed_range=2 fan_speed=40% msg="Cooling fan maintains speed"
2021-04-26 08:49:01 cpu_temp=64 inlet_temp=25 fan_speed_range=2 fan_speed=40% msg="Cooling fan maintains speed"
2021-04-26 08:50:01 cpu_temp=64 inlet_temp=25 fan_speed_range=2 fan_speed=40% msg="Cooling fan maintains speed"
2021-04-26 08:51:01 cpu_temp=66 inlet_temp=25 fan_speed_range=3 fan_speed=80% msg="Cooling fan increases speed"
2021-04-26 08:52:01 cpu_temp=62 inlet_temp=25 fan_speed_range=3 fan_speed=40% msg="Waiting for the temperature drop, 2"
2021-04-26 08:53:02 cpu_temp=63 inlet_temp=26 fan_speed_range=3 fan_speed=40% msg="Waiting for the temperature drop, 0"
2021-04-26 08:54:01 cpu_temp=60 inlet_temp=26 fan_speed_range=3 fan_speed=30% msg="Waiting for the temperature drop, 3"
2021-04-26 08:55:01 cpu_temp=59 inlet_temp=26 fan_speed_range=3 fan_speed=30% msg="Waiting for the temperature drop, 2"
2021-04-26 08:56:02 cpu_temp=61 inlet_temp=26 fan_speed_range=2 fan_speed=40% msg="Cooling fan reduces speed, -1"
2021-04-26 08:57:01 cpu_temp=62 inlet_temp=26 fan_speed_range=2 fan_speed=40% msg="Cooling fan maintains speed"
2021-04-26 08:58:01 cpu_temp=63 inlet_temp=26 fan_speed_range=2 fan_speed=40% msg="Cooling fan maintains speed"
2021-04-26 08:59:01 cpu_temp=66 inlet_temp=26 fan_speed_range=3 fan_speed=80% msg="Cooling fan increases speed"
2021-04-26 09:00:02 cpu_temp=61 inlet_temp=26 fan_speed_range=3 fan_speed=40% msg="Waiting for the temperature drop, 3"
2021-04-26 09:01:01 cpu_temp=63 inlet_temp=26 fan_speed_range=2 fan_speed=40% msg="Cooling fan reduces speed, -1"
2021-04-26 09:02:02 cpu_temp=61 inlet_temp=26 fan_speed_range=2 fan_speed=40% msg="Cooling fan maintains speed"
2021-04-26 09:03:01 cpu_temp=64 inlet_temp=25 fan_speed_range=2 fan_speed=40% msg="Cooling fan maintains speed"
2021-04-26 09:04:01 cpu_temp=66 inlet_temp=25 fan_speed_range=3 fan_speed=80% msg="Cooling fan increases speed"
2021-04-26 09:05:02 cpu_temp=63 inlet_temp=25 fan_speed_range=3 fan_speed=40% msg="Waiting for the temperature drop, 1"
2021-04-26 09:06:01 cpu_temp=61 inlet_temp=26 fan_speed_range=3 fan_speed=40% msg="Waiting for the temperature drop, 2"
2021-04-26 09:07:01 cpu_temp=61 inlet_temp=26 fan_speed_range=3 fan_speed=40% msg="Waiting for the temperature drop, 1"
2021-04-26 09:08:02 cpu_temp=60 inlet_temp=26 fan_speed_range=3 fan_speed=30% msg="Waiting for the temperature drop, 1"
2021-04-26 09:09:01 cpu_temp=60 inlet_temp=26 fan_speed_range=3 fan_speed=30% msg="Waiting for the temperature drop, 0"
2021-04-26 09:10:02 cpu_temp=61 inlet_temp=26 fan_speed_range=2 fan_speed=40% msg="Cooling fan reduces speed, -1"
2021-04-26 09:11:01 cpu_temp=61 inlet_temp=26 fan_speed_range=2 fan_speed=40% msg="Cooling fan maintains speed"
2021-04-26 09:12:01 cpu_temp=64 inlet_temp=25 fan_speed_range=2 fan_speed=40% msg="Cooling fan maintains speed"
2021-04-26 09:13:01 cpu_temp=65 inlet_temp=25 fan_speed_range=2 fan_speed=40% msg="Cooling fan maintains speed"
2021-04-26 09:14:01 cpu_temp=66 inlet_temp=25 fan_speed_range=3 fan_speed=80% msg="Cooling fan increases speed"
2021-04-26 09:15:02 cpu_temp=62 inlet_temp=26 fan_speed_range=3 fan_speed=40% msg="Waiting for the temperature drop, 2"
2021-04-26 09:16:01 cpu_temp=62 inlet_temp=26 fan_speed_range=3 fan_speed=40% msg="Waiting for the temperature drop, 1"
2021-04-26 09:17:01 cpu_temp=59 inlet_temp=26 fan_speed_range=3 fan_speed=30% msg="Waiting for the temperature drop, 3"
2021-04-26 09:18:02 cpu_temp=60 inlet_temp=26 fan_speed_range=3 fan_speed=30% msg="Waiting for the temperature drop, 0"
2021-04-26 09:19:01 cpu_temp=60 inlet_temp=26 fan_speed_range=3 fan_speed=30% msg="Waiting for the temperature drop, 0"
2021-04-26 09:20:01 cpu_temp=60 inlet_temp=26 fan_speed_range=3 fan_speed=30% msg="Waiting for the temperature drop, 0"
2021-04-26 09:21:02 cpu_temp=60 inlet_temp=26 fan_speed_range=3 fan_speed=30% msg="Waiting for the temperature drop, 0"
2021-04-26 09:22:01 cpu_temp=59 inlet_temp=26 fan_speed_range=3 fan_speed=30% msg="Waiting for the temperature drop, 1"
2021-04-26 09:23:02 cpu_temp=59 inlet_temp=26 fan_speed_range=3 fan_speed=30% msg="Waiting for the temperature drop, 0"
2021-04-26 09:24:01 cpu_temp=60 inlet_temp=26 fan_speed_range=1 fan_speed=30% msg="Cooling fan reduces speed, -1"
2021-04-26 09:25:01 cpu_temp=63 inlet_temp=26 fan_speed_range=2 fan_speed=40% msg="Cooling fan increases speed"
2021-04-26 09:26:01 cpu_temp=64 inlet_temp=25 fan_speed_range=2 fan_speed=40% msg="Cooling fan maintains speed"
2021-04-26 09:27:02 cpu_temp=66 inlet_temp=25 fan_speed_range=3 fan_speed=80% msg="Cooling fan increases speed"
2021-04-26 09:28:01 cpu_temp=61 inlet_temp=25 fan_speed_range=3 fan_speed=40% msg="Waiting for the temperature drop, 3"
2021-04-26 09:29:01 cpu_temp=61 inlet_temp=26 fan_speed_range=3 fan_speed=40% msg="Waiting for the temperature drop, 1"
2021-04-26 09:30:02 cpu_temp=61 inlet_temp=26 fan_speed_range=3 fan_speed=40% msg="Waiting for the temperature drop, 0"
2021-04-26 09:31:01 cpu_temp=59 inlet_temp=26 fan_speed_range=3 fan_speed=30% msg="Waiting for the temperature drop, 2"
2021-04-26 09:32:01 cpu_temp=60 inlet_temp=26 fan_speed_range=3 fan_speed=30% msg="Waiting for the temperature drop, 0"
2021-04-26 09:33:02 cpu_temp=60 inlet_temp=26 fan_speed_range=3 fan_speed=30% msg="Waiting for the temperature drop, 0"
2021-04-26 09:34:01 cpu_temp=59 inlet_temp=26 fan_speed_range=3 fan_speed=30% msg="Waiting for the temperature drop, 1"
2021-04-26 09:35:02 cpu_temp=61 inlet_temp=26 fan_speed_range=2 fan_speed=40% msg="Cooling fan reduces speed, -2"
2021-04-26 09:36:01 cpu_temp=61 inlet_temp=26 fan_speed_range=2 fan_speed=40% msg="Cooling fan maintains speed"
2021-04-26 09:37:01 cpu_temp=64 inlet_temp=25 fan_speed_range=2 fan_speed=40% msg="Cooling fan maintains speed"
2021-04-26 09:38:01 cpu_temp=64 inlet_temp=25 fan_speed_range=2 fan_speed=40% msg="Cooling fan maintains speed"
2021-04-26 09:39:01 cpu_temp=65 inlet_temp=25 fan_speed_range=2 fan_speed=40% msg="Cooling fan maintains speed"
2021-04-26 09:40:02 cpu_temp=66 inlet_temp=25 fan_speed_range=3 fan_speed=80% msg="Cooling fan increases speed"
2021-04-26 09:41:01 cpu_temp=63 inlet_temp=26 fan_speed_range=3 fan_speed=40% msg="Waiting for the temperature drop, 2"
2021-04-26 09:42:01 cpu_temp=63 inlet_temp=26 fan_speed_range=3 fan_speed=40% msg="Waiting for the temperature drop, 1"
2021-04-26 09:43:02 cpu_temp=60 inlet_temp=26 fan_speed_range=3 fan_speed=30% msg="Waiting for the temperature drop, 3"
2021-04-26 09:44:01 cpu_temp=61 inlet_temp=26 fan_speed_range=3 fan_speed=40% msg="Waiting for the temperature drop, 0"
2021-04-26 09:45:01 cpu_temp=59 inlet_temp=26 fan_speed_range=3 fan_speed=30% msg="Waiting for the temperature drop, 2"
2021-04-26 09:46:02 cpu_temp=60 inlet_temp=26 fan_speed_range=3 fan_speed=30% msg="Waiting for the temperature drop, 0"
2021-04-26 09:47:01 cpu_temp=60 inlet_temp=26 fan_speed_range=3 fan_speed=30% msg="Waiting for the temperature drop, 0"
2021-04-26 09:48:01 cpu_temp=60 inlet_temp=26 fan_speed_range=3 fan_speed=30% msg="Waiting for the temperature drop, 0"
2021-04-26 09:49:02 cpu_temp=61 inlet_temp=26 fan_speed_range=2 fan_speed=40% msg="Cooling fan reduces speed, -1"
2021-04-26 09:50:01 cpu_temp=61 inlet_temp=26 fan_speed_range=2 fan_speed=40% msg="Cooling fan maintains speed"
2021-04-26 09:51:01 cpu_temp=64 inlet_temp=26 fan_speed_range=2 fan_speed=40% msg="Cooling fan maintains speed"
2021-04-26 09:52:01 cpu_temp=66 inlet_temp=26 fan_speed_range=3 fan_speed=80% msg="Cooling fan increases speed"
2021-04-26 09:53:02 cpu_temp=64 inlet_temp=26 fan_speed_range=3 fan_speed=40% msg="Waiting for the temperature drop, 0"
2021-04-26 09:54:01 cpu_temp=63 inlet_temp=26 fan_speed_range=3 fan_speed=40% msg="Waiting for the temperature drop, 1"
2021-04-26 09:55:01 cpu_temp=63 inlet_temp=26 fan_speed_range=3 fan_speed=40% msg="Waiting for the temperature drop, 0"
2021-04-26 09:56:02 cpu_temp=59 inlet_temp=26 fan_speed_range=3 fan_speed=30% msg="Waiting for the temperature drop, 4"
2021-04-26 09:57:01 cpu_temp=61 inlet_temp=26 fan_speed_range=3 fan_speed=40% msg="Waiting for the temperature drop, 0"
2021-04-26 09:58:02 cpu_temp=60 inlet_temp=26 fan_speed_range=3 fan_speed=30% msg="Waiting for the temperature drop, 1"
2021-04-26 09:59:01 cpu_temp=60 inlet_temp=26 fan_speed_range=3 fan_speed=30% msg="Waiting for the temperature drop, 0"
2021-04-26 10:00:01 cpu_temp=60 inlet_temp=26 fan_speed_range=3 fan_speed=30% msg="Waiting for the temperature drop, 0"
2021-04-26 10:01:02 cpu_temp=60 inlet_temp=26 fan_speed_range=3 fan_speed=30% msg="Waiting for the temperature drop, 0"
2021-04-26 10:02:01 cpu_temp=59 inlet_temp=26 fan_speed_range=3 fan_speed=30% msg="Waiting for the temperature drop, 1"
2021-04-26 10:03:02 cpu_temp=61 inlet_temp=26 fan_speed_range=2 fan_speed=40% msg="Cooling fan reduces speed, -2"
2021-04-26 10:04:01 cpu_temp=61 inlet_temp=26 fan_speed_range=2 fan_speed=40% msg="Cooling fan maintains speed"
2021-04-26 10:05:01 cpu_temp=64 inlet_temp=26 fan_speed_range=2 fan_speed=40% msg="Cooling fan maintains speed"
2021-04-26 10:06:01 cpu_temp=65 inlet_temp=26 fan_speed_range=2 fan_speed=40% msg="Cooling fan maintains speed"
2021-04-26 10:07:01 cpu_temp=66 inlet_temp=25 fan_speed_range=3 fan_speed=80% msg="Cooling fan increases speed"
2021-04-26 10:08:02 cpu_temp=64 inlet_temp=26 fan_speed_range=3 fan_speed=40% msg="Waiting for the temperature drop, 0"
2021-04-26 10:09:01 cpu_temp=61 inlet_temp=26 fan_speed_range=3 fan_speed=40% msg="Waiting for the temperature drop, 3"
2021-04-26 10:10:01 cpu_temp=63 inlet_temp=26 fan_speed_range=2 fan_speed=40% msg="Cooling fan reduces speed, -1"
2021-04-26 10:11:02 cpu_temp=63 inlet_temp=26 fan_speed_range=2 fan_speed=40% msg="Cooling fan maintains speed"
2021-04-26 10:12:01 cpu_temp=64 inlet_temp=26 fan_speed_range=2 fan_speed=40% msg="Cooling fan maintains speed"
2021-04-26 10:13:01 cpu_temp=65 inlet_temp=26 fan_speed_range=2 fan_speed=40% msg="Cooling fan maintains speed"
2021-04-26 10:14:01 cpu_temp=66 inlet_temp=26 fan_speed_range=3 fan_speed=80% msg="Cooling fan increases speed"
2021-04-26 10:15:01 cpu_temp=64 inlet_temp=26 fan_speed_range=3 fan_speed=40% msg="Waiting for the temperature drop, 1"
2021-04-26 10:16:02 cpu_temp=64 inlet_temp=26 fan_speed_range=3 fan_speed=40% msg="Waiting for the temperature drop, 0"
2021-04-26 10:17:01 cpu_temp=60 inlet_temp=26 fan_speed_range=3 fan_speed=30% msg="Waiting for the temperature drop, 4"
2021-04-26 10:18:01 cpu_temp=61 inlet_temp=26 fan_speed_range=3 fan_speed=40% msg="Waiting for the temperature drop, 1"
2021-04-26 10:19:02 cpu_temp=61 inlet_temp=26 fan_speed_range=3 fan_speed=40% msg="Waiting for the temperature drop, 0"
2021-04-26 10:20:01 cpu_temp=62 inlet_temp=26 fan_speed_range=2 fan_speed=40% msg="Cooling fan reduces speed, -1"
2021-04-26 10:21:01 cpu_temp=63 inlet_temp=26 fan_speed_range=2 fan_speed=40% msg="Cooling fan maintains speed"
2021-04-26 10:22:02 cpu_temp=64 inlet_temp=26 fan_speed_range=2 fan_speed=40% msg="Cooling fan maintains speed"
2021-04-26 10:23:01 cpu_temp=66 inlet_temp=26 fan_speed_range=3 fan_speed=80% msg="Cooling fan increases speed"
2021-04-26 10:24:01 cpu_temp=63 inlet_temp=26 fan_speed_range=3 fan_speed=40% msg="Waiting for the temperature drop, 1"
2021-04-26 10:25:02 cpu_temp=62 inlet_temp=26 fan_speed_range=3 fan_speed=40% msg="Waiting for the temperature drop, 1"
2021-04-26 10:26:01 cpu_temp=61 inlet_temp=26 fan_speed_range=3 fan_speed=40% msg="Waiting for the temperature drop, 1"
2021-04-26 10:27:01 cpu_temp=60 inlet_temp=26 fan_speed_range=3 fan_speed=30% msg="Waiting for the temperature drop, 1"
2021-04-26 10:28:02 cpu_temp=61 inlet_temp=27 fan_speed_range=2 fan_speed=40% msg="Cooling fan reduces speed, -1"
2021-04-26 10:29:01 cpu_temp=62 inlet_temp=26 fan_speed_range=2 fan_speed=40% msg="Cooling fan maintains speed"
2021-04-26 10:30:01 cpu_temp=64 inlet_temp=26 fan_speed_range=2 fan_speed=40% msg="Cooling fan maintains speed"
2021-04-26 10:31:01 cpu_temp=65 inlet_temp=26 fan_speed_range=2 fan_speed=40% msg="Cooling fan maintains speed"
2021-04-26 10:32:02 cpu_temp=66 inlet_temp=26 fan_speed_range=3 fan_speed=80% msg="Cooling fan increases speed"
2021-04-26 10:33:01 cpu_temp=64 inlet_temp=26 fan_speed_range=3 fan_speed=40% msg="Waiting for the temperature drop, 0"
2021-04-26 10:34:01 cpu_temp=64 inlet_temp=26 fan_speed_range=3 fan_speed=40% msg="Waiting for the temperature drop, 0"
2021-04-26 10:35:02 cpu_temp=60 inlet_temp=26 fan_speed_range=3 fan_speed=30% msg="Waiting for the temperature drop, 4"
2021-04-26 10:36:01 cpu_temp=62 inlet_temp=27 fan_speed_range=3 fan_speed=40% msg="Waiting for the temperature drop, 0"
2021-04-26 10:37:01 cpu_temp=60 inlet_temp=27 fan_speed_range=3 fan_speed=30% msg="Waiting for the temperature drop, 2"
2021-04-26 10:38:02 cpu_temp=62 inlet_temp=27 fan_speed_range=2 fan_speed=40% msg="Cooling fan reduces speed, -1"
2021-04-26 10:39:01 cpu_temp=62 inlet_temp=26 fan_speed_range=2 fan_speed=40% msg="Cooling fan maintains speed"
2021-04-26 10:40:01 cpu_temp=65 inlet_temp=26 fan_speed_range=2 fan_speed=40% msg="Cooling fan maintains speed"
2021-04-26 10:41:01 cpu_temp=65 inlet_temp=26 fan_speed_range=2 fan_speed=40% msg="Cooling fan maintains speed"
2021-04-26 10:42:02 cpu_temp=67 inlet_temp=26 fan_speed_range=3 fan_speed=80% msg="Cooling fan increases speed"
2021-04-26 10:43:01 cpu_temp=64 inlet_temp=26 fan_speed_range=3 fan_speed=40% msg="Waiting for the temperature drop, 1"
2021-04-26 10:44:01 cpu_temp=62 inlet_temp=26 fan_speed_range=3 fan_speed=40% msg="Waiting for the temperature drop, 2"
2021-04-26 10:45:02 cpu_temp=62 inlet_temp=27 fan_speed_range=3 fan_speed=40% msg="Waiting for the temperature drop, 1"
2021-04-26 10:46:01 cpu_temp=60 inlet_temp=27 fan_speed_range=3 fan_speed=30% msg="Waiting for the temperature drop, 2"
2021-04-26 10:47:02 cpu_temp=62 inlet_temp=27 fan_speed_range=2 fan_speed=40% msg="Cooling fan reduces speed, -1"
2021-04-26 10:48:01 cpu_temp=61 inlet_temp=27 fan_speed_range=2 fan_speed=40% msg="Cooling fan maintains speed"
2021-04-26 10:49:01 cpu_temp=66 inlet_temp=26 fan_speed_range=3 fan_speed=80% msg="Cooling fan increases speed"
2021-04-26 10:50:01 cpu_temp=62 inlet_temp=26 fan_speed_range=3 fan_speed=40% msg="Waiting for the temperature drop, 1"
2021-04-26 10:51:02 cpu_temp=62 inlet_temp=27 fan_speed_range=3 fan_speed=40% msg="Waiting for the temperature drop, 0"
2021-04-26 10:52:01 cpu_temp=61 inlet_temp=27 fan_speed_range=3 fan_speed=40% msg="Waiting for the temperature drop, 1"
2021-04-26 10:53:02 cpu_temp=61 inlet_temp=27 fan_speed_range=3 fan_speed=40% msg="Waiting for the temperature drop, 0"
2021-04-26 10:54:01 cpu_temp=60 inlet_temp=27 fan_speed_range=3 fan_speed=30% msg="Waiting for the temperature drop, 1"
2021-04-26 10:55:01 cpu_temp=60 inlet_temp=27 fan_speed_range=3 fan_speed=30% msg="Waiting for the temperature drop, 0"
2021-04-26 10:56:02 cpu_temp=60 inlet_temp=27 fan_speed_range=3 fan_speed=30% msg="Waiting for the temperature drop, 0"
2021-04-26 10:57:01 cpu_temp=61 inlet_temp=27 fan_speed_range=2 fan_speed=40% msg="Cooling fan reduces speed, -1"
2021-04-26 10:58:01 cpu_temp=62 inlet_temp=27 fan_speed_range=2 fan_speed=40% msg="Cooling fan maintains speed"
2021-04-26 10:59:01 cpu_temp=65 inlet_temp=26 fan_speed_range=2 fan_speed=40% msg="Cooling fan maintains speed"
2021-04-26 11:00:02 cpu_temp=64 inlet_temp=26 fan_speed_range=2 fan_speed=40% msg="Cooling fan maintains speed"
2021-04-26 11:01:02 cpu_temp=65 inlet_temp=26 fan_speed_range=2 fan_speed=40% msg="Cooling fan maintains speed"
2021-04-26 11:02:01 cpu_temp=66 inlet_temp=26 fan_speed_range=3 fan_speed=80% msg="Cooling fan increases speed"
2021-04-26 11:03:01 cpu_temp=64 inlet_temp=26 fan_speed_range=3 fan_speed=40% msg="Waiting for the temperature drop, 1"
2021-04-26 11:04:02 cpu_temp=62 inlet_temp=27 fan_speed_range=3 fan_speed=40% msg="Waiting for the temperature drop, 2"
2021-04-26 11:05:01 cpu_temp=60 inlet_temp=27 fan_speed_range=3 fan_speed=30% msg="Waiting for the temperature drop, 3"
2021-04-26 11:06:02 cpu_temp=62 inlet_temp=27 fan_speed_range=2 fan_speed=40% msg="Cooling fan reduces speed, -1"
2021-04-26 11:07:01 cpu_temp=63 inlet_temp=27 fan_speed_range=2 fan_speed=40% msg="Cooling fan maintains speed"
2021-04-26 11:08:01 cpu_temp=64 inlet_temp=26 fan_speed_range=2 fan_speed=40% msg="Cooling fan maintains speed"
2021-04-26 11:09:01 cpu_temp=64 inlet_temp=26 fan_speed_range=2 fan_speed=40% msg="Cooling fan maintains speed"
2021-04-26 11:10:01 cpu_temp=66 inlet_temp=26 fan_speed_range=3 fan_speed=80% msg="Cooling fan increases speed"
2021-04-26 11:11:01 cpu_temp=63 inlet_temp=27 fan_speed_range=3 fan_speed=40% msg="Waiting for the temperature drop, 1"
2021-04-26 11:12:02 cpu_temp=63 inlet_temp=27 fan_speed_range=3 fan_speed=40% msg="Waiting for the temperature drop, 0"
2021-04-26 11:13:01 cpu_temp=60 inlet_temp=27 fan_speed_range=3 fan_speed=30% msg="Waiting for the temperature drop, 3"
2021-04-26 11:14:02 cpu_temp=60 inlet_temp=27 fan_speed_range=3 fan_speed=30% msg="Waiting for the temperature drop, 1"
2021-04-26 11:15:01 cpu_temp=60 inlet_temp=27 fan_speed_range=3 fan_speed=30% msg="Waiting for the temperature drop, 0"
2021-04-26 11:16:01 cpu_temp=60 inlet_temp=27 fan_speed_range=3 fan_speed=30% msg="Waiting for the temperature drop, 0"
2021-04-26 11:17:02 cpu_temp=60 inlet_temp=27 fan_speed_range=3 fan_speed=30% msg="Waiting for the temperature drop, 0"
2021-04-26 11:18:01 cpu_temp=60 inlet_temp=27 fan_speed_range=3 fan_speed=30% msg="Waiting for the temperature drop, 0"
2021-04-26 11:19:02 cpu_temp=59 inlet_temp=27 fan_speed_range=3 fan_speed=30% msg="Waiting for the temperature drop, 1"
2021-04-26 11:20:01 cpu_temp=60 inlet_temp=27 fan_speed_range=1 fan_speed=30% msg="Cooling fan reduces speed, -1"
2021-04-26 11:21:01 cpu_temp=61 inlet_temp=27 fan_speed_range=2 fan_speed=40% msg="Cooling fan increases speed"
2021-04-26 11:22:01 cpu_temp=64 inlet_temp=27 fan_speed_range=2 fan_speed=40% msg="Cooling fan maintains speed"
2021-04-26 11:23:02 cpu_temp=65 inlet_temp=27 fan_speed_range=2 fan_speed=40% msg="Cooling fan maintains speed"
2021-04-26 11:24:01 cpu_temp=65 inlet_temp=27 fan_speed_range=2 fan_speed=40% msg="Cooling fan maintains speed"
2021-04-26 11:25:01 cpu_temp=65 inlet_temp=26 fan_speed_range=2 fan_speed=40% msg="Cooling fan maintains speed"
2021-04-26 11:26:01 cpu_temp=65 inlet_temp=26 fan_speed_range=2 fan_speed=40% msg="Cooling fan maintains speed"
2021-04-26 11:27:01 cpu_temp=66 inlet_temp=26 fan_speed_range=3 fan_speed=80% msg="Cooling fan increases speed"
2021-04-26 11:28:01 cpu_temp=65 inlet_temp=27 fan_speed_range=3 fan_speed=40% msg="Waiting for the temperature drop, 0"
2021-04-26 11:29:02 cpu_temp=60 inlet_temp=27 fan_speed_range=3 fan_speed=30% msg="Waiting for the temperature drop, 5"
2021-04-26 11:30:01 cpu_temp=60 inlet_temp=27 fan_speed_range=3 fan_speed=30% msg="Waiting for the temperature drop, 2"
2021-04-26 11:31:01 cpu_temp=60 inlet_temp=27 fan_speed_range=3 fan_speed=30% msg="Waiting for the temperature drop, 1"
2021-04-26 11:32:02 cpu_temp=59 inlet_temp=27 fan_speed_range=3 fan_speed=30% msg="Waiting for the temperature drop, 1"
2021-04-26 11:33:01 cpu_temp=59 inlet_temp=27 fan_speed_range=3 fan_speed=30% msg="Waiting for the temperature drop, 0"
2021-04-26 11:34:02 cpu_temp=59 inlet_temp=27 fan_speed_range=3 fan_speed=30% msg="Waiting for the temperature drop, 0"
2021-04-26 11:35:01 cpu_temp=59 inlet_temp=27 fan_speed_range=3 fan_speed=30% msg="Waiting for the temperature drop, 0"
2021-04-26 11:36:01 cpu_temp=59 inlet_temp=27 fan_speed_range=3 fan_speed=30% msg="Waiting for the temperature drop, 0"
2021-04-26 11:37:02 cpu_temp=60 inlet_temp=27 fan_speed_range=1 fan_speed=30% msg="Cooling fan reduces speed, -1"
2021-04-26 11:38:01 cpu_temp=62 inlet_temp=27 fan_speed_range=2 fan_speed=40% msg="Cooling fan increases speed"
2021-04-26 11:39:01 cpu_temp=63 inlet_temp=27 fan_speed_range=2 fan_speed=40% msg="Cooling fan maintains speed"
2021-04-26 11:40:01 cpu_temp=63 inlet_temp=26 fan_speed_range=2 fan_speed=40% msg="Cooling fan maintains speed"
2021-04-26 11:41:01 cpu_temp=65 inlet_temp=26 fan_speed_range=2 fan_speed=40% msg="Cooling fan maintains speed"
2021-04-26 11:42:01 cpu_temp=65 inlet_temp=26 fan_speed_range=2 fan_speed=40% msg="Cooling fan maintains speed"
2021-04-26 11:43:02 cpu_temp=65 inlet_temp=26 fan_speed_range=2 fan_speed=40% msg="Cooling fan maintains speed"
2021-04-26 11:44:01 cpu_temp=64 inlet_temp=26 fan_speed_range=2 fan_speed=40% msg="Cooling fan maintains speed"
2021-04-26 11:45:01 cpu_temp=65 inlet_temp=26 fan_speed_range=2 fan_speed=40% msg="Cooling fan maintains speed"
2021-04-26 11:46:01 cpu_temp=64 inlet_temp=26 fan_speed_range=2 fan_speed=40% msg="Cooling fan maintains speed"
2021-04-26 11:47:01 cpu_temp=64 inlet_temp=26 fan_speed_range=2 fan_speed=40% msg="Cooling fan maintains speed"
2021-04-26 11:48:01 cpu_temp=65 inlet_temp=26 fan_speed_range=2 fan_speed=40% msg="Cooling fan maintains speed"
2021-04-26 11:49:01 cpu_temp=66 inlet_temp=26 fan_speed_range=3 fan_speed=80% msg="Cooling fan increases speed"
2021-04-26 11:50:02 cpu_temp=63 inlet_temp=26 fan_speed_range=3 fan_speed=40% msg="Waiting for the temperature drop, 2"
2021-04-26 11:51:01 cpu_temp=61 inlet_temp=27 fan_speed_range=3 fan_speed=40% msg="Waiting for the temperature drop, 3"
2021-04-26 11:52:01 cpu_temp=59 inlet_temp=27 fan_speed_range=3 fan_speed=30% msg="Waiting for the temperature drop, 3"
2021-04-26 11:53:02 cpu_temp=59 inlet_temp=27 fan_speed_range=3 fan_speed=30% msg="Waiting for the temperature drop, 1"
2021-04-26 11:54:01 cpu_temp=60 inlet_temp=27 fan_speed_range=1 fan_speed=30% msg="Cooling fan reduces speed, -1"
2021-04-26 11:55:01 cpu_temp=63 inlet_temp=27 fan_speed_range=2 fan_speed=40% msg="Cooling fan increases speed"
2021-04-26 11:56:01 cpu_temp=62 inlet_temp=27 fan_speed_range=2 fan_speed=40% msg="Cooling fan maintains speed"
2021-04-26 11:57:02 cpu_temp=63 inlet_temp=26 fan_speed_range=2 fan_speed=40% msg="Cooling fan maintains speed"
2021-04-26 11:58:01 cpu_temp=63 inlet_temp=26 fan_speed_range=2 fan_speed=40% msg="Cooling fan maintains speed"
2021-04-26 11:59:01 cpu_temp=65 inlet_temp=26 fan_speed_range=2 fan_speed=40% msg="Cooling fan maintains speed"
2021-04-26 12:00:01 cpu_temp=65 inlet_temp=26 fan_speed_range=2 fan_speed=40% msg="Cooling fan maintains speed"
2021-04-26 12:01:01 cpu_temp=65 inlet_temp=26 fan_speed_range=2 fan_speed=40% msg="Cooling fan maintains speed"
2021-04-26 12:02:01 cpu_temp=64 inlet_temp=26 fan_speed_range=2 fan_speed=40% msg="Cooling fan maintains speed"
2021-04-26 12:03:01 cpu_temp=64 inlet_temp=26 fan_speed_range=2 fan_speed=40% msg="Cooling fan maintains speed"
2021-04-26 12:06:05 cpu_temp=50 inlet_temp=26 fan_speed_range=1 fan_speed=30% msg="System reboot, Cooling fan reduces speed"
2021-04-26 12:07:01 cpu_temp=44 inlet_temp=26 fan_speed_range=1 fan_speed=30% msg="Cooling fan maintains speed"
2021-04-26 12:08:02 cpu_temp=42 inlet_temp=26 fan_speed_range=1 fan_speed=30% msg="Cooling fan maintains speed"
2021-04-26 12:09:01 cpu_temp=39 inlet_temp=26 fan_speed_range=1 fan_speed=30% msg="Cooling fan maintains speed"
2021-04-26 12:10:01 cpu_temp=39 inlet_temp=26 fan_speed_range=1 fan_speed=30% msg="Cooling fan maintains speed"
2021-04-26 12:11:01 cpu_temp=38 inlet_temp=26 fan_speed_range=1 fan_speed=30% msg="Cooling fan maintains speed"
2021-04-26 12:12:01 cpu_temp=38 inlet_temp=25 fan_speed_range=1 fan_speed=30% msg="Cooling fan maintains speed"
2021-04-26 12:13:01 cpu_temp=38 inlet_temp=25 fan_speed_range=1 fan_speed=30% msg="Cooling fan maintains speed"
2021-04-26 12:14:01 cpu_temp=37 inlet_temp=25 fan_speed_range=1 fan_speed=30% msg="Cooling fan maintains speed"
2021-04-26 12:15:01 cpu_temp=37 inlet_temp=25 fan_speed_range=1 fan_speed=30% msg="Cooling fan maintains speed"
2021-04-26 12:16:01 cpu_temp=37 inlet_temp=25 fan_speed_range=1 fan_speed=30% msg="Cooling fan maintains speed"
2021-04-26 12:17:01 cpu_temp=37 inlet_temp=25 fan_speed_range=1 fan_speed=30% msg="Cooling fan maintains speed"
2021-04-26 12:18:02 cpu_temp=37 inlet_temp=25 fan_speed_range=1 fan_speed=30% msg="Cooling fan maintains speed"
2021-04-26 12:19:01 cpu_temp=37 inlet_temp=25 fan_speed_range=1 fan_speed=30% msg="Cooling fan maintains speed"
2021-04-26 12:20:01 cpu_temp=37 inlet_temp=25 fan_speed_range=1 fan_speed=30% msg="Cooling fan maintains speed"
2021-04-26 12:21:01 cpu_temp=37 inlet_temp=25 fan_speed_range=1 fan_speed=30% msg="Cooling fan maintains speed"
2021-04-26 12:22:01 cpu_temp=37 inlet_temp=25 fan_speed_range=1 fan_speed=30% msg="Cooling fan maintains speed"
2021-04-26 12:23:01 cpu_temp=38 inlet_temp=25 fan_speed_range=1 fan_speed=30% msg="Cooling fan maintains speed"
2021-04-26 12:24:01 cpu_temp=37 inlet_temp=25 fan_speed_range=1 fan_speed=30% msg="Cooling fan maintains speed"
2021-04-26 12:25:01 cpu_temp=37 inlet_temp=25 fan_speed_range=1 fan_speed=30% msg="Cooling fan maintains speed"
2021-04-26 12:26:02 cpu_temp=37 inlet_temp=25 fan_speed_range=1 fan_speed=30% msg="Cooling fan maintains speed"
2021-04-26 12:27:01 cpu_temp=37 inlet_temp=25 fan_speed_range=1 fan_speed=30% msg="Cooling fan maintains speed"
2021-04-26 12:28:01 cpu_temp=37 inlet_temp=25 fan_speed_range=1 fan_speed=30% msg="Cooling fan maintains speed"
2021-04-26 12:29:01 cpu_temp=37 inlet_temp=25 fan_speed_range=1 fan_speed=30% msg="Cooling fan maintains speed"
2021-04-26 12:30:01 cpu_temp=37 inlet_temp=25 fan_speed_range=1 fan_speed=30% msg="Cooling fan maintains speed"
2021-04-26 12:31:01 cpu_temp=37 inlet_temp=25 fan_speed_range=1 fan_speed=30% msg="Cooling fan maintains speed"
2021-04-26 12:32:01 cpu_temp=37 inlet_temp=25 fan_speed_range=1 fan_speed=30% msg="Cooling fan maintains speed"
2021-04-26 12:33:01 cpu_temp=37 inlet_temp=25 fan_speed_range=1 fan_speed=30% msg="Cooling fan maintains speed"
2021-04-26 12:34:01 cpu_temp=37 inlet_temp=25 fan_speed_range=1 fan_speed=30% msg="Cooling fan maintains speed"
2021-04-26 12:35:02 cpu_temp=37 inlet_temp=25 fan_speed_range=1 fan_speed=30% msg="Cooling fan maintains speed"
2021-04-26 12:36:01 cpu_temp=37 inlet_temp=25 fan_speed_range=1 fan_speed=30% msg="Cooling fan maintains speed"
2021-04-26 12:37:01 cpu_temp=37 inlet_temp=25 fan_speed_range=1 fan_speed=30% msg="Cooling fan maintains speed"
2021-04-26 12:38:01 cpu_temp=37 inlet_temp=25 fan_speed_range=1 fan_speed=30% msg="Cooling fan maintains speed"
